c:\users\zheng_group\desktop\osgbtest\build\intermediate\debug\helloworldd\obj\moc_osgnode.obj
c:\users\zheng_group\desktop\osgbtest\build\intermediate\debug\helloworldd\obj\moc_drawable.obj
c:\users\zheng_group\desktop\osgbtest\build\intermediate\debug\helloworldd\obj\osgnode.obj
c:\users\zheng_group\desktop\osgbtest\build\intermediate\debug\helloworldd\obj\main.obj
c:\users\zheng_group\desktop\osgbtest\build\intermediate\debug\helloworldd\obj\glwidget.obj
c:\users\zheng_group\desktop\osgbtest\build\intermediate\debug\helloworldd\obj\moc_glwidget.obj
c:\users\zheng_group\desktop\osgbtest\build\intermediate\debug\helloworldd\obj\drawable.obj
c:\users\zheng_group\desktop\osgbtest\build\intermediate\debug\helloworldd\obj\vc140.pdb
c:\users\zheng_group\desktop\osgbtest\build\intermediate\debug\helloworldd\moc\moc_drawable.cpp
c:\users\zheng_group\desktop\osgbtest\build\intermediate\debug\helloworldd\moc\moc_glwidget.cpp
c:\users\zheng_group\desktop\osgbtest\build\intermediate\debug\helloworldd\moc\moc_osgnode.cpp
c:\users\zheng_group\desktop\osgbtest\build\intermediate\debug\helloworldd\moc\moc_predefs.h
c:\users\zheng_group\desktop\osgbtest\build\debug\helloworldd.ilk
c:\users\zheng_group\desktop\osgbtest\build\debug\helloworldd.exe
c:\users\zheng_group\desktop\osgbtest\build\debug\helloworldd.pdb
c:\users\zheng_group\desktop\osgbtest\helloworld\..\build\debug\helloworldd.exe
c:\users\zheng_group\desktop\osgbtest\build\intermediate\debug\helloworldd\obj\helloworld.tlog\cl.command.1.tlog
c:\users\zheng_group\desktop\osgbtest\build\intermediate\debug\helloworldd\obj\helloworld.tlog\cl.read.1.tlog
c:\users\zheng_group\desktop\osgbtest\build\intermediate\debug\helloworldd\obj\helloworld.tlog\cl.write.1.tlog
c:\users\zheng_group\desktop\osgbtest\build\intermediate\debug\helloworldd\obj\helloworld.tlog\custombuild.command.1.tlog
c:\users\zheng_group\desktop\osgbtest\build\intermediate\debug\helloworldd\obj\helloworld.tlog\custombuild.read.1.tlog
c:\users\zheng_group\desktop\osgbtest\build\intermediate\debug\helloworldd\obj\helloworld.tlog\custombuild.write.1.tlog
c:\users\zheng_group\desktop\osgbtest\build\intermediate\debug\helloworldd\obj\helloworld.tlog\link.command.1.tlog
c:\users\zheng_group\desktop\osgbtest\build\intermediate\debug\helloworldd\obj\helloworld.tlog\link.read.1.tlog
c:\users\zheng_group\desktop\osgbtest\build\intermediate\debug\helloworldd\obj\helloworld.tlog\link.write.1.tlog
